<?xml version="1.0" encoding="UTF-8"?>
<!-- Generated by org.testng.reporters.JUnitReportReporter -->
<testsuite hostname="MONAMIS-WIN10" failures="0" tests="1" name="com.mystore.testcases.EndtoEndTest" time="24.808" errors="0" timestamp="2024-12-29T11:35:03 IST" skipped="0">
  <testcase classname="com.mystore.testcases.EndtoEndTest" name="Testorderproduct" time="24.808"/>
</testsuite> <!-- com.mystore.testcases.EndtoEndTest -->
