<?xml version="1.0" encoding="UTF-8"?>
<!-- Generated by org.testng.reporters.JUnitReportReporter -->
<testsuite hostname="MONAMIS-WIN10" failures="0" tests="1" name="com.mystore.testcases.accountcreationPageTest" time="9.824" errors="0" timestamp="2024-12-29T11:35:03 IST" skipped="0">
  <testcase classname="com.mystore.testcases.accountcreationPageTest" name="createaccount" time="9.824"/>
</testsuite> <!-- com.mystore.testcases.accountcreationPageTest -->
