<?xml version="1.0" encoding="UTF-8"?>
<!-- Generated by org.testng.reporters.JUnitReportReporter -->
<testsuite hostname="MONAMIS-WIN10" failures="0" tests="1" name="com.mystore.testcases.priceTest" time="13.375" errors="0" timestamp="2024-12-29T11:35:03 IST" skipped="0">
  <testcase classname="com.mystore.testcases.priceTest" name="verifytoalprice" time="13.375"/>
</testsuite> <!-- com.mystore.testcases.priceTest -->
