<?xml version="1.0" encoding="UTF-8"?>
<!-- Generated by org.testng.reporters.JUnitReportReporter -->
<testsuite hostname="MONAMIS-WIN10" failures="0" tests="1" name="com.mystore.testcases.productavailabiltyTest" time="9.505" errors="0" timestamp="2024-12-29T11:35:03 IST" skipped="0">
  <testcase classname="com.mystore.testcases.productavailabiltyTest" name="checkproductavailability" time="9.505"/>
</testsuite> <!-- com.mystore.testcases.productavailabiltyTest -->
