<?xml version="1.0" encoding="UTF-8"?>
<!-- Generated by org.testng.reporters.JUnitReportReporter -->
<testsuite hostname="MONAMIS-WIN10" failures="0" tests="1" name="com.mystore.testcases.HomePageTest" time="9.801" errors="0" timestamp="2024-12-29T11:35:03 IST" skipped="0">
  <testcase classname="com.mystore.testcases.HomePageTest" name="verifyOrderHistory" time="9.801"/>
</testsuite> <!-- com.mystore.testcases.HomePageTest -->
