<?xml version="1.0" encoding="UTF-8"?>
<!-- Generated by org.testng.reporters.JUnitReportReporter -->
<testsuite hostname="MONAMIS-WIN10" failures="0" tests="2" name="com.mystore.testcases.IndexPageTest" time="16.027" errors="0" timestamp="2024-12-29T11:35:03 IST" skipped="0">
  <testcase classname="com.mystore.testcases.IndexPageTest" name="verifyLogo" time="8.104"/>
  <testcase classname="com.mystore.testcases.IndexPageTest" name="verifyTitle" time="7.923"/>
</testsuite> <!-- com.mystore.testcases.IndexPageTest -->
